2026-02-27 21:20:38,495 [INFO] autoclickVision.core.scheduler: [21:20:38] ▶ Starting task: Untitled Task
2026-02-27 21:20:38,495 [INFO] autoclickVision.core.watchdog: Watchdog started (heartbeat timeout=60s, inactivity timeout=120s)
2026-02-27 21:20:38,496 [INFO] autoclickVision.core.scheduler: [21:20:38] ── Round 1/50 ──
2026-02-27 21:20:38,497 [INFO] autoclickVision.core.scheduler: [21:20:38] Step 1: [1] ×1
2026-02-27 21:20:38,497 [INFO] autoclickVision.core.scheduler: [21:20:38] ✖ Error: '_thread._local' object has no attribute 'srcdc'
2026-02-27 21:20:38,497 [ERROR] autoclickVision.core.scheduler: Scheduler error
Traceback (most recent call last):
  File "C:\Users\29726\Desktop\auto_clicker\autoclickVision\core\scheduler.py", line 656, in _run
    self._execute_step(step, si)
  File "C:\Users\29726\Desktop\auto_clicker\autoclickVision\core\scheduler.py", line 483, in _execute_step
    screenshot = self._capture_screenshot()
                 ^^^^^^^^^^^^^^^^^^^^^^^^^^
  File "C:\Users\29726\Desktop\auto_clicker\autoclickVision\core\scheduler.py", line 399, in _capture_screenshot
    frame = self.capture.capture_full()
            ^^^^^^^^^^^^^^^^^^^^^^^^^^^
  File "C:\Users\29726\Desktop\auto_clicker\autoclickVision\core\capture.py", line 56, in capture_full
    return self._grab(monitor)
           ^^^^^^^^^^^^^^^^^^^
  File "C:\Users\29726\Desktop\auto_clicker\autoclickVision\core\capture.py", line 99, in _grab
    sct_img = self._sct.grab(region)
              ^^^^^^^^^^^^^^^^^^^^^^
  File "C:\Users\29726\Desktop\auto_clicker\.venv\Lib\site-packages\mss\base.py", line 101, in grab
    screenshot = self._grab_impl(monitor)
                 ^^^^^^^^^^^^^^^^^^^^^^^^
  File "C:\Users\29726\Desktop\auto_clicker\.venv\Lib\site-packages\mss\windows.py", line 226, in _grab_impl
    srcdc, memdc = self._handles.srcdc, self._handles.memdc
                   ^^^^^^^^^^^^^^^^^^^
AttributeError: '_thread._local' object has no attribute 'srcdc'
2026-02-27 21:20:38,511 [INFO] autoclickVision.core.watchdog: Watchdog stopped
2026-02-27 21:20:38,516 [CRITICAL] autoclickVision.notifications: Unhandled exception:
Traceback (most recent call last):
  File "C:\Users\29726\Desktop\auto_clicker\autoclickVision\ui\main_window.py", line 386, in _on_state_change
    int(QSystemTrayIcon.MessageIcon.Critical),
    ^^^^^^^^^^^^^^^^^^^^^^^^^^^^^^^^^^^^^^^^^
TypeError: int() argument must be a string, a bytes-like object or a real number, not 'MessageIcon'

2026-02-27 21:20:42,226 [INFO] autoclickVision.core.scheduler: [21:20:42] ▶ Starting task: Untitled Task
2026-02-27 21:20:42,227 [INFO] autoclickVision.core.watchdog: Watchdog started (heartbeat timeout=60s, inactivity timeout=120s)
2026-02-27 21:20:42,227 [INFO] autoclickVision.core.scheduler: [21:20:42] ── Round 1/50 ──
2026-02-27 21:20:42,227 [INFO] autoclickVision.core.scheduler: [21:20:42] Step 1: [1] ×1
2026-02-27 21:20:42,227 [INFO] autoclickVision.core.scheduler: [21:20:42] ✖ Error: '_thread._local' object has no attribute 'srcdc'
2026-02-27 21:20:42,229 [ERROR] autoclickVision.core.scheduler: Scheduler error
Traceback (most recent call last):
  File "C:\Users\29726\Desktop\auto_clicker\autoclickVision\core\scheduler.py", line 656, in _run
    self._execute_step(step, si)
  File "C:\Users\29726\Desktop\auto_clicker\autoclickVision\core\scheduler.py", line 483, in _execute_step
    screenshot = self._capture_screenshot()
                 ^^^^^^^^^^^^^^^^^^^^^^^^^^
  File "C:\Users\29726\Desktop\auto_clicker\autoclickVision\core\scheduler.py", line 399, in _capture_screenshot
    frame = self.capture.capture_full()
            ^^^^^^^^^^^^^^^^^^^^^^^^^^^
  File "C:\Users\29726\Desktop\auto_clicker\autoclickVision\core\capture.py", line 56, in capture_full
    return self._grab(monitor)
           ^^^^^^^^^^^^^^^^^^^
  File "C:\Users\29726\Desktop\auto_clicker\autoclickVision\core\capture.py", line 99, in _grab
    sct_img = self._sct.grab(region)
              ^^^^^^^^^^^^^^^^^^^^^^
  File "C:\Users\29726\Desktop\auto_clicker\.venv\Lib\site-packages\mss\base.py", line 101, in grab
    screenshot = self._grab_impl(monitor)
                 ^^^^^^^^^^^^^^^^^^^^^^^^
  File "C:\Users\29726\Desktop\auto_clicker\.venv\Lib\site-packages\mss\windows.py", line 226, in _grab_impl
    srcdc, memdc = self._handles.srcdc, self._handles.memdc
                   ^^^^^^^^^^^^^^^^^^^
AttributeError: '_thread._local' object has no attribute 'srcdc'
2026-02-27 21:20:42,229 [INFO] autoclickVision.core.watchdog: Watchdog stopped
2026-02-27 21:20:42,231 [CRITICAL] autoclickVision.notifications: Unhandled exception:
Traceback (most recent call last):
  File "C:\Users\29726\Desktop\auto_clicker\autoclickVision\ui\main_window.py", line 386, in _on_state_change
    int(QSystemTrayIcon.MessageIcon.Critical),
    ^^^^^^^^^^^^^^^^^^^^^^^^^^^^^^^^^^^^^^^^^
TypeError: int() argument must be a string, a bytes-like object or a real number, not 'MessageIcon'

2026-02-27 21:20:51,209 [INFO] autoclickVision.core.scheduler: [21:20:51] ▶ Starting task: Untitled Task
2026-02-27 21:20:51,210 [INFO] autoclickVision.core.watchdog: Watchdog started (heartbeat timeout=60s, inactivity timeout=120s)
2026-02-27 21:20:51,210 [INFO] autoclickVision.core.scheduler: [21:20:51] ── Round 1/50 ──
2026-02-27 21:20:51,210 [INFO] autoclickVision.core.scheduler: [21:20:51] Step 1: [1] ×1
2026-02-27 21:20:51,211 [INFO] autoclickVision.core.scheduler: [21:20:51] ✖ Error: '_thread._local' object has no attribute 'srcdc'
2026-02-27 21:20:51,211 [ERROR] autoclickVision.core.scheduler: Scheduler error
Traceback (most recent call last):
  File "C:\Users\29726\Desktop\auto_clicker\autoclickVision\core\scheduler.py", line 656, in _run
    self._execute_step(step, si)
  File "C:\Users\29726\Desktop\auto_clicker\autoclickVision\core\scheduler.py", line 483, in _execute_step
    screenshot = self._capture_screenshot()
                 ^^^^^^^^^^^^^^^^^^^^^^^^^^
  File "C:\Users\29726\Desktop\auto_clicker\autoclickVision\core\scheduler.py", line 399, in _capture_screenshot
    frame = self.capture.capture_full()
            ^^^^^^^^^^^^^^^^^^^^^^^^^^^
  File "C:\Users\29726\Desktop\auto_clicker\autoclickVision\core\capture.py", line 56, in capture_full
    return self._grab(monitor)
           ^^^^^^^^^^^^^^^^^^^
  File "C:\Users\29726\Desktop\auto_clicker\autoclickVision\core\capture.py", line 99, in _grab
    sct_img = self._sct.grab(region)
              ^^^^^^^^^^^^^^^^^^^^^^
  File "C:\Users\29726\Desktop\auto_clicker\.venv\Lib\site-packages\mss\base.py", line 101, in grab
    screenshot = self._grab_impl(monitor)
                 ^^^^^^^^^^^^^^^^^^^^^^^^
  File "C:\Users\29726\Desktop\auto_clicker\.venv\Lib\site-packages\mss\windows.py", line 226, in _grab_impl
    srcdc, memdc = self._handles.srcdc, self._handles.memdc
                   ^^^^^^^^^^^^^^^^^^^
AttributeError: '_thread._local' object has no attribute 'srcdc'
2026-02-27 21:20:51,213 [INFO] autoclickVision.core.watchdog: Watchdog stopped
2026-02-27 21:20:51,214 [CRITICAL] autoclickVision.notifications: Unhandled exception:
Traceback (most recent call last):
  File "C:\Users\29726\Desktop\auto_clicker\autoclickVision\ui\main_window.py", line 386, in _on_state_change
    int(QSystemTrayIcon.MessageIcon.Critical),
    ^^^^^^^^^^^^^^^^^^^^^^^^^^^^^^^^^^^^^^^^^
TypeError: int() argument must be a string, a bytes-like object or a real number, not 'MessageIcon'

2026-02-27 21:21:06,965 [INFO] autoclickVision.core.scheduler: [21:21:06] ▶ Starting task: Untitled Task
2026-02-27 21:21:06,965 [INFO] autoclickVision.core.watchdog: Watchdog started (heartbeat timeout=60s, inactivity timeout=120s)
2026-02-27 21:21:06,966 [INFO] autoclickVision.core.scheduler: [21:21:06] ── Round 1/50 ──
2026-02-27 21:21:06,966 [INFO] autoclickVision.core.scheduler: [21:21:06] Step 1: [1] ×1
2026-02-27 21:21:06,966 [INFO] autoclickVision.core.scheduler: [21:21:06] ✖ Error: '_thread._local' object has no attribute 'srcdc'
2026-02-27 21:21:06,967 [ERROR] autoclickVision.core.scheduler: Scheduler error
Traceback (most recent call last):
  File "C:\Users\29726\Desktop\auto_clicker\autoclickVision\core\scheduler.py", line 656, in _run
    self._execute_step(step, si)
  File "C:\Users\29726\Desktop\auto_clicker\autoclickVision\core\scheduler.py", line 483, in _execute_step
    screenshot = self._capture_screenshot()
                 ^^^^^^^^^^^^^^^^^^^^^^^^^^
  File "C:\Users\29726\Desktop\auto_clicker\autoclickVision\core\scheduler.py", line 399, in _capture_screenshot
    frame = self.capture.capture_full()
            ^^^^^^^^^^^^^^^^^^^^^^^^^^^
  File "C:\Users\29726\Desktop\auto_clicker\autoclickVision\core\capture.py", line 56, in capture_full
    return self._grab(monitor)
           ^^^^^^^^^^^^^^^^^^^
  File "C:\Users\29726\Desktop\auto_clicker\autoclickVision\core\capture.py", line 99, in _grab
    sct_img = self._sct.grab(region)
              ^^^^^^^^^^^^^^^^^^^^^^
  File "C:\Users\29726\Desktop\auto_clicker\.venv\Lib\site-packages\mss\base.py", line 101, in grab
    screenshot = self._grab_impl(monitor)
                 ^^^^^^^^^^^^^^^^^^^^^^^^
  File "C:\Users\29726\Desktop\auto_clicker\.venv\Lib\site-packages\mss\windows.py", line 226, in _grab_impl
    srcdc, memdc = self._handles.srcdc, self._handles.memdc
                   ^^^^^^^^^^^^^^^^^^^
AttributeError: '_thread._local' object has no attribute 'srcdc'
2026-02-27 21:21:06,968 [INFO] autoclickVision.core.watchdog: Watchdog stopped
2026-02-27 21:21:06,970 [CRITICAL] autoclickVision.notifications: Unhandled exception:
Traceback (most recent call last):
  File "C:\Users\29726\Desktop\auto_clicker\autoclickVision\ui\main_window.py", line 386, in _on_state_change
    int(QSystemTrayIcon.MessageIcon.Critical),
    ^^^^^^^^^^^^^^^^^^^^^^^^^^^^^^^^^^^^^^^^^
TypeError: int() argument must be a string, a bytes-like object or a real number, not 'MessageIcon'

2026-02-27 21:22:06,143 [INFO] autoclickVision.core.scheduler: [21:22:06] ▶ Starting task: Untitled Task
2026-02-27 21:22:06,143 [INFO] autoclickVision.core.scheduler: [21:22:06] ── Round 1/50 ──
2026-02-27 21:22:06,143 [INFO] autoclickVision.core.watchdog: Watchdog started (heartbeat timeout=60s, inactivity timeout=120s)
2026-02-27 21:22:06,144 [INFO] autoclickVision.core.scheduler: [21:22:06] Step 1: [1] ×3
2026-02-27 21:22:06,144 [INFO] autoclickVision.core.scheduler: [21:22:06] ✖ Error: '_thread._local' object has no attribute 'srcdc'
2026-02-27 21:22:06,144 [ERROR] autoclickVision.core.scheduler: Scheduler error
Traceback (most recent call last):
  File "C:\Users\29726\Desktop\auto_clicker\autoclickVision\core\scheduler.py", line 656, in _run
    self._execute_step(step, si)
  File "C:\Users\29726\Desktop\auto_clicker\autoclickVision\core\scheduler.py", line 483, in _execute_step
    screenshot = self._capture_screenshot()
                 ^^^^^^^^^^^^^^^^^^^^^^^^^^
  File "C:\Users\29726\Desktop\auto_clicker\autoclickVision\core\scheduler.py", line 399, in _capture_screenshot
    frame = self.capture.capture_full()
            ^^^^^^^^^^^^^^^^^^^^^^^^^^^
  File "C:\Users\29726\Desktop\auto_clicker\autoclickVision\core\capture.py", line 56, in capture_full
    return self._grab(monitor)
           ^^^^^^^^^^^^^^^^^^^
  File "C:\Users\29726\Desktop\auto_clicker\autoclickVision\core\capture.py", line 99, in _grab
    sct_img = self._sct.grab(region)
              ^^^^^^^^^^^^^^^^^^^^^^
  File "C:\Users\29726\Desktop\auto_clicker\.venv\Lib\site-packages\mss\base.py", line 101, in grab
    screenshot = self._grab_impl(monitor)
                 ^^^^^^^^^^^^^^^^^^^^^^^^
  File "C:\Users\29726\Desktop\auto_clicker\.venv\Lib\site-packages\mss\windows.py", line 226, in _grab_impl
    srcdc, memdc = self._handles.srcdc, self._handles.memdc
                   ^^^^^^^^^^^^^^^^^^^
AttributeError: '_thread._local' object has no attribute 'srcdc'
2026-02-27 21:22:06,146 [INFO] autoclickVision.core.watchdog: Watchdog stopped
2026-02-27 21:22:06,148 [CRITICAL] autoclickVision.notifications: Unhandled exception:
Traceback (most recent call last):
  File "C:\Users\29726\Desktop\auto_clicker\autoclickVision\ui\main_window.py", line 386, in _on_state_change
    int(QSystemTrayIcon.MessageIcon.Critical),
    ^^^^^^^^^^^^^^^^^^^^^^^^^^^^^^^^^^^^^^^^^
TypeError: int() argument must be a string, a bytes-like object or a real number, not 'MessageIcon'

2026-02-27 21:23:05,241 [INFO] autoclickVision.core.scheduler: [21:23:05] ▶ Starting task: Untitled Task
2026-02-27 21:23:05,242 [INFO] autoclickVision.core.scheduler: [21:23:05] ── Round 1/50 ──
2026-02-27 21:23:05,242 [INFO] autoclickVision.core.watchdog: Watchdog started (heartbeat timeout=60s, inactivity timeout=120s)
2026-02-27 21:23:05,242 [INFO] autoclickVision.core.scheduler: [21:23:05] Step 1: [1] ×3
2026-02-27 21:23:05,243 [INFO] autoclickVision.core.scheduler: [21:23:05] ✖ Error: '_thread._local' object has no attribute 'srcdc'
2026-02-27 21:23:05,243 [ERROR] autoclickVision.core.scheduler: Scheduler error
Traceback (most recent call last):
  File "C:\Users\29726\Desktop\auto_clicker\autoclickVision\core\scheduler.py", line 656, in _run
    self._execute_step(step, si)
  File "C:\Users\29726\Desktop\auto_clicker\autoclickVision\core\scheduler.py", line 483, in _execute_step
    screenshot = self._capture_screenshot()
                 ^^^^^^^^^^^^^^^^^^^^^^^^^^
  File "C:\Users\29726\Desktop\auto_clicker\autoclickVision\core\scheduler.py", line 399, in _capture_screenshot
    frame = self.capture.capture_full()
            ^^^^^^^^^^^^^^^^^^^^^^^^^^^
  File "C:\Users\29726\Desktop\auto_clicker\autoclickVision\core\capture.py", line 56, in capture_full
    return self._grab(monitor)
           ^^^^^^^^^^^^^^^^^^^
  File "C:\Users\29726\Desktop\auto_clicker\autoclickVision\core\capture.py", line 99, in _grab
    sct_img = self._sct.grab(region)
              ^^^^^^^^^^^^^^^^^^^^^^
  File "C:\Users\29726\Desktop\auto_clicker\.venv\Lib\site-packages\mss\base.py", line 101, in grab
    screenshot = self._grab_impl(monitor)
                 ^^^^^^^^^^^^^^^^^^^^^^^^
  File "C:\Users\29726\Desktop\auto_clicker\.venv\Lib\site-packages\mss\windows.py", line 226, in _grab_impl
    srcdc, memdc = self._handles.srcdc, self._handles.memdc
                   ^^^^^^^^^^^^^^^^^^^
AttributeError: '_thread._local' object has no attribute 'srcdc'
2026-02-27 21:23:05,246 [INFO] autoclickVision.core.watchdog: Watchdog stopped
2026-02-27 21:23:05,248 [CRITICAL] autoclickVision.notifications: Unhandled exception:
Traceback (most recent call last):
  File "C:\Users\29726\Desktop\auto_clicker\autoclickVision\ui\main_window.py", line 386, in _on_state_change
    int(QSystemTrayIcon.MessageIcon.Critical),
    ^^^^^^^^^^^^^^^^^^^^^^^^^^^^^^^^^^^^^^^^^
TypeError: int() argument must be a string, a bytes-like object or a real number, not 'MessageIcon'

2026-02-27 21:33:27,584 [INFO] autoclickVision.core.scheduler: [21:33:27] ▶ Starting task: Untitled Task
2026-02-27 21:33:27,585 [INFO] autoclickVision.core.watchdog: Watchdog started (heartbeat timeout=60s, inactivity timeout=120s)
2026-02-27 21:33:27,585 [INFO] autoclickVision.core.scheduler: [21:33:27] ── Round 1/50 ──
2026-02-27 21:33:27,585 [INFO] autoclickVision.core.scheduler: [21:33:27] Step 1: no valid buttons configured — skipping
2026-02-27 21:33:27,585 [INFO] autoclickVision.core.scheduler: [21:33:27] ── Round 1 done: ✔0 ✖0 ⏭1 ──
2026-02-27 21:33:27,585 [INFO] autoclickVision.core.scheduler: [21:33:27] Waiting 10.0s before next round…
2026-02-27 21:33:37,593 [INFO] autoclickVision.core.scheduler: [21:33:37] ── Round 2/50 ──
2026-02-27 21:33:37,594 [INFO] autoclickVision.core.scheduler: [21:33:37] Step 1: no valid buttons configured — skipping
2026-02-27 21:33:37,595 [INFO] autoclickVision.core.scheduler: [21:33:37] ── Round 2 done: ✔0 ✖0 ⏭1 ──
2026-02-27 21:33:37,595 [INFO] autoclickVision.core.scheduler: [21:33:37] Waiting 10.0s before next round…
2026-02-27 21:33:47,608 [INFO] autoclickVision.core.scheduler: [21:33:47] ── Round 3/50 ──
2026-02-27 21:33:47,609 [INFO] autoclickVision.core.scheduler: [21:33:47] Step 1: no valid buttons configured — skipping
2026-02-27 21:33:47,610 [INFO] autoclickVision.core.scheduler: [21:33:47] ── Round 3 done: ✔0 ✖0 ⏭1 ──
2026-02-27 21:33:47,610 [INFO] autoclickVision.core.scheduler: [21:33:47] Waiting 10.0s before next round…
2026-02-27 21:33:57,620 [INFO] autoclickVision.core.scheduler: [21:33:57] ── Round 4/50 ──
2026-02-27 21:33:57,621 [INFO] autoclickVision.core.scheduler: [21:33:57] Step 1: no valid buttons configured — skipping
2026-02-27 21:33:57,623 [INFO] autoclickVision.core.scheduler: [21:33:57] ── Round 4 done: ✔0 ✖0 ⏭1 ──
2026-02-27 21:33:57,623 [INFO] autoclickVision.core.scheduler: [21:33:57] Waiting 10.0s before next round…
2026-02-27 21:34:07,636 [INFO] autoclickVision.core.scheduler: [21:34:07] ── Round 5/50 ──
2026-02-27 21:34:07,636 [INFO] autoclickVision.core.scheduler: [21:34:07] Step 1: no valid buttons configured — skipping
2026-02-27 21:34:07,638 [INFO] autoclickVision.core.scheduler: [21:34:07] ── Round 5 done: ✔0 ✖0 ⏭1 ──
2026-02-27 21:34:07,642 [INFO] autoclickVision.core.scheduler: [21:34:07] Waiting 10.0s before next round…
2026-02-27 21:34:17,655 [INFO] autoclickVision.core.scheduler: [21:34:17] ── Round 6/50 ──
2026-02-27 21:34:17,655 [INFO] autoclickVision.core.scheduler: [21:34:17] Step 1: no valid buttons configured — skipping
2026-02-27 21:34:17,656 [INFO] autoclickVision.core.scheduler: [21:34:17] ── Round 6 done: ✔0 ✖0 ⏭1 ──
2026-02-27 21:34:17,656 [INFO] autoclickVision.core.scheduler: [21:34:17] Waiting 10.0s before next round…
2026-02-27 21:34:18,208 [INFO] autoclickVision.core.scheduler: [21:34:18] Task was stopped
2026-02-27 21:34:18,208 [INFO] autoclickVision.core.watchdog: Watchdog stopped
2026-02-27 21:34:18,209 [INFO] autoclickVision.core.scheduler: [21:34:18] ⏹ Task stopped
2026-02-27 21:34:18,209 [INFO] autoclickVision.core.watchdog: Watchdog stopped
2026-02-27 21:34:41,423 [INFO] autoclickVision.core.scheduler: [21:34:41] ▶ Starting task: Untitled Task
2026-02-27 21:34:41,423 [INFO] autoclickVision.core.scheduler: [21:34:41] ── Round 1/50 ──
2026-02-27 21:34:41,423 [INFO] autoclickVision.core.watchdog: Watchdog started (heartbeat timeout=60s, inactivity timeout=120s)
2026-02-27 21:34:41,423 [INFO] autoclickVision.core.scheduler: [21:34:41] Step 1: [1] ×1
2026-02-27 21:34:41,906 [INFO] autoclickVision.core.scheduler: [21:34:41]   ✔ 1 found (1.00) at (142,59) — clicked
2026-02-27 21:34:42,559 [INFO] autoclickVision.core.scheduler: [21:34:42] Step 2: [2] ×2
2026-02-27 21:34:43,044 [INFO] autoclickVision.core.scheduler: [21:34:43]   ✔ 2 found (0.89) at (142,172) — clicked
2026-02-27 21:34:43,855 [INFO] autoclickVision.core.scheduler: [21:34:43]   ✔ 2 found (0.98) at (142,172) — clicked
2026-02-27 21:34:44,405 [INFO] autoclickVision.core.scheduler: [21:34:44] Step 3: [3] ×1
2026-02-27 21:34:44,908 [INFO] autoclickVision.core.scheduler: [21:34:44]   ✔ 3 found (1.00) at (1852,295) — clicked
2026-02-27 21:34:45,372 [INFO] autoclickVision.core.scheduler: [21:34:45] ── Round 1 done: ✔4 ✖0 ⏭0 ──
2026-02-27 21:34:45,374 [INFO] autoclickVision.core.scheduler: [21:34:45] Waiting 10.0s before next round…
2026-02-27 21:34:55,375 [INFO] autoclickVision.core.scheduler: [21:34:55] ── Round 2/50 ──
2026-02-27 21:34:55,376 [INFO] autoclickVision.core.scheduler: [21:34:55] Step 1: [1] ×1
2026-02-27 21:34:56,099 [INFO] autoclickVision.core.scheduler: [21:34:56]   ✔ 1 found (1.00) at (142,59) — clicked
2026-02-27 21:34:56,377 [INFO] autoclickVision.core.scheduler: [21:34:56] Step 2: [2] ×2
2026-02-27 21:34:56,940 [INFO] autoclickVision.core.scheduler: [21:34:56]   ✔ 2 found (0.89) at (142,172) — clicked
2026-02-27 21:34:58,078 [INFO] autoclickVision.core.scheduler: [21:34:58]   ✔ 2 found (0.99) at (142,172) — clicked
2026-02-27 21:34:58,367 [INFO] autoclickVision.core.scheduler: [21:34:58] Step 3: [3] ×1
2026-02-27 21:34:58,982 [INFO] autoclickVision.core.scheduler: [21:34:58]   ✔ 3 found (1.00) at (1852,295) — clicked
2026-02-27 21:34:59,684 [INFO] autoclickVision.core.scheduler: [21:34:59] ── Round 2 done: ✔4 ✖0 ⏭0 ──
2026-02-27 21:34:59,686 [INFO] autoclickVision.core.scheduler: [21:34:59] Waiting 10.0s before next round…
2026-02-27 21:35:03,926 [INFO] autoclickVision.core.scheduler: [21:35:03] ⏸ Task paused
2026-02-27 21:35:04,832 [INFO] autoclickVision.core.scheduler: [21:35:04] Task was stopped
2026-02-27 21:35:04,832 [INFO] autoclickVision.core.watchdog: Watchdog stopped
2026-02-27 21:35:04,834 [INFO] autoclickVision.core.scheduler: [21:35:04] ⏹ Task stopped
2026-02-27 21:35:04,835 [INFO] autoclickVision.core.watchdog: Watchdog stopped
2026-02-27 21:37:48,907 [INFO] autoclickVision.core.scheduler: [21:37:48] ▶ Starting task: Untitled Task
2026-02-27 21:37:48,908 [INFO] autoclickVision.core.scheduler: [21:37:48] ── Round 1/4 ──
2026-02-27 21:37:48,908 [INFO] autoclickVision.core.watchdog: Watchdog started (heartbeat timeout=60s, inactivity timeout=120s)
2026-02-27 21:37:48,908 [INFO] autoclickVision.core.scheduler: [21:37:48] Step 1: [1] ×3
2026-02-27 21:37:49,651 [INFO] autoclickVision.core.scheduler: [21:37:49]   ✔ 1 found (1.00) at (142,59) — clicked
2026-02-27 21:37:50,748 [INFO] autoclickVision.core.scheduler: [21:37:50]   ✔ 1 found (0.94) at (142,59) — clicked
2026-02-27 21:37:51,826 [INFO] autoclickVision.core.scheduler: [21:37:51]   ✔ 1 found (0.94) at (142,59) — clicked
2026-02-27 21:37:52,488 [INFO] autoclickVision.core.scheduler: [21:37:52] Step 2: [2] ×1
2026-02-27 21:37:53,196 [INFO] autoclickVision.core.scheduler: [21:37:53]   ✔ 2 found (0.92) at (142,172) — clicked
2026-02-27 21:37:53,916 [INFO] autoclickVision.core.scheduler: [21:37:53] Step 3: [3] ×2
2026-02-27 21:37:54,533 [INFO] autoclickVision.core.scheduler: [21:37:54]   ✔ 3 found (1.00) at (1852,295) — clicked
2026-02-27 21:37:55,748 [INFO] autoclickVision.core.scheduler: [21:37:55]   ✔ 3 found (0.99) at (1852,295) — clicked
2026-02-27 21:37:55,973 [INFO] autoclickVision.core.scheduler: [21:37:55] ── Round 1 done: ✔6 ✖0 ⏭0 ──
2026-02-27 21:37:55,975 [INFO] autoclickVision.core.scheduler: [21:37:55] Waiting 10.0s before next round…
2026-02-27 21:38:05,980 [INFO] autoclickVision.core.scheduler: [21:38:05] ── Round 2/4 ──
2026-02-27 21:38:05,980 [INFO] autoclickVision.core.scheduler: [21:38:05] Step 1: [1] ×3
2026-02-27 21:38:06,623 [INFO] autoclickVision.core.scheduler: [21:38:06]   ✔ 1 found (1.00) at (142,59) — clicked
2026-02-27 21:38:07,976 [INFO] autoclickVision.core.scheduler: [21:38:07]   ✔ 1 found (0.94) at (142,59) — clicked
2026-02-27 21:38:08,942 [INFO] autoclickVision.core.scheduler: [21:38:08]   ✔ 1 found (0.94) at (142,59) — clicked
2026-02-27 21:38:09,353 [INFO] autoclickVision.core.scheduler: [21:38:09] Step 2: [2] ×1
2026-02-27 21:38:10,136 [INFO] autoclickVision.core.scheduler: [21:38:10]   ✔ 2 found (0.92) at (142,172) — clicked
2026-02-27 21:38:10,427 [INFO] autoclickVision.core.scheduler: [21:38:10] Step 3: [3] ×2
2026-02-27 21:38:11,194 [INFO] autoclickVision.core.scheduler: [21:38:11]   ✔ 3 found (1.00) at (1852,295) — clicked
2026-02-27 21:38:11,982 [INFO] autoclickVision.core.scheduler: [21:38:11]   ✔ 3 found (0.99) at (1852,295) — clicked
2026-02-27 21:38:12,437 [INFO] autoclickVision.core.scheduler: [21:38:12] ── Round 2 done: ✔6 ✖0 ⏭0 ──
2026-02-27 21:38:12,438 [INFO] autoclickVision.core.scheduler: [21:38:12] Waiting 10.0s before next round…
2026-02-27 21:38:22,443 [INFO] autoclickVision.core.scheduler: [21:38:22] ── Round 3/4 ──
2026-02-27 21:38:22,443 [INFO] autoclickVision.core.scheduler: [21:38:22] Step 1: [1] ×3
2026-02-27 21:38:23,106 [INFO] autoclickVision.core.scheduler: [21:38:23]   ✔ 1 found (1.00) at (142,59) — clicked
2026-02-27 21:38:24,310 [INFO] autoclickVision.core.scheduler: [21:38:24]   ✔ 1 found (0.94) at (142,59) — clicked
2026-02-27 21:38:25,449 [INFO] autoclickVision.core.scheduler: [21:38:25]   ✔ 1 found (0.94) at (142,59) — clicked
2026-02-27 21:38:25,709 [INFO] autoclickVision.core.scheduler: [21:38:25] Step 2: [2] ×1
2026-02-27 21:38:26,358 [INFO] autoclickVision.core.scheduler: [21:38:26]   ✔ 2 found (0.92) at (142,172) — clicked
2026-02-27 21:38:26,974 [INFO] autoclickVision.core.scheduler: [21:38:26] Step 3: [3] ×2
2026-02-27 21:38:27,574 [INFO] autoclickVision.core.scheduler: [21:38:27]   ✔ 3 found (1.00) at (1852,295) — clicked
2026-02-27 21:38:28,726 [INFO] autoclickVision.core.scheduler: [21:38:28]   ✔ 3 found (0.99) at (1852,295) — clicked
2026-02-27 21:38:29,376 [INFO] autoclickVision.core.scheduler: [21:38:29] ── Round 3 done: ✔6 ✖0 ⏭0 ──
2026-02-27 21:38:29,377 [INFO] autoclickVision.core.scheduler: [21:38:29] Waiting 10.0s before next round…
2026-02-27 21:38:39,390 [INFO] autoclickVision.core.scheduler: [21:38:39] ── Round 4/4 ──
2026-02-27 21:38:39,390 [INFO] autoclickVision.core.scheduler: [21:38:39] Step 1: [1] ×3
2026-02-27 21:38:40,039 [INFO] autoclickVision.core.scheduler: [21:38:40]   ✔ 1 found (1.00) at (142,59) — clicked
2026-02-27 21:38:41,274 [INFO] autoclickVision.core.scheduler: [21:38:41]   ✔ 1 found (0.94) at (142,59) — clicked
2026-02-27 21:38:42,568 [INFO] autoclickVision.core.scheduler: [21:38:42]   ✔ 1 found (0.94) at (142,59) — clicked
2026-02-27 21:38:43,188 [INFO] autoclickVision.core.scheduler: [21:38:43] Step 2: [2] ×1
2026-02-27 21:38:43,948 [INFO] autoclickVision.core.scheduler: [21:38:43]   ✔ 2 found (0.92) at (142,172) — clicked
2026-02-27 21:38:44,591 [INFO] autoclickVision.core.scheduler: [21:38:44] Step 3: [3] ×2
2026-02-27 21:38:45,102 [INFO] autoclickVision.core.scheduler: [21:38:45]   ✔ 3 found (1.00) at (1852,295) — clicked
2026-02-27 21:38:46,108 [INFO] autoclickVision.core.scheduler: [21:38:46]   ✔ 3 found (0.99) at (1852,295) — clicked
2026-02-27 21:38:46,388 [INFO] autoclickVision.core.scheduler: [21:38:46] ── Round 4 done: ✔6 ✖0 ⏭0 ──
2026-02-27 21:38:46,389 [INFO] autoclickVision.core.scheduler: [21:38:46] ✔ Task finished
2026-02-27 21:38:46,394 [INFO] autoclickVision.core.watchdog: Watchdog stopped
2026-02-27 22:07:01,027 [INFO] autoclickVision.core.scheduler: [22:07:01] ▶ Starting task: Untitled Task
2026-02-27 22:07:01,027 [INFO] autoclickVision.core.watchdog: Watchdog started (heartbeat timeout=60s, inactivity timeout=120s)
2026-02-27 22:07:01,027 [INFO] autoclickVision.core.scheduler: [22:07:01] ── Round 1/50 ──
2026-02-27 22:07:01,028 [INFO] autoclickVision.core.scheduler: [22:07:01] Step 1: [1] ×3
2026-02-27 22:07:01,837 [INFO] autoclickVision.core.scheduler: [22:07:01]   ✔ 1 found (1.00) at (142,59) — clicked
2026-02-27 22:07:02,919 [INFO] autoclickVision.core.scheduler: [22:07:02]   ✔ 1 found (0.94) at (142,59) — clicked
2026-02-27 22:07:04,044 [INFO] autoclickVision.core.scheduler: [22:07:04]   ✔ 1 found (0.94) at (142,59) — clicked
2026-02-27 22:07:04,552 [INFO] autoclickVision.core.scheduler: [22:07:04] Step 2: [2] ×1
2026-02-27 22:07:05,196 [INFO] autoclickVision.core.scheduler: [22:07:05]   ✔ 2 found (0.89) at (142,172) — clicked
2026-02-27 22:07:05,932 [INFO] autoclickVision.core.scheduler: [22:07:05] Step 3: [3] ×2
2026-02-27 22:07:06,447 [INFO] autoclickVision.core.scheduler: [22:07:06]   ✔ 3 found (1.00) at (1852,295) — clicked
2026-02-27 22:07:07,530 [INFO] autoclickVision.core.scheduler: [22:07:07]   ✔ 3 found (0.97) at (1852,295) — clicked
2026-02-27 22:07:07,961 [INFO] autoclickVision.core.scheduler: [22:07:07] ── Round 1 done: ✔6 ✖0 ⏭0 ──
2026-02-27 22:07:07,962 [INFO] autoclickVision.core.scheduler: [22:07:07] Waiting 10.0s before next round…
2026-02-27 22:07:09,259 [INFO] autoclickVision.core.scheduler: [22:07:09] Task was stopped
2026-02-27 22:07:09,260 [INFO] autoclickVision.core.watchdog: Watchdog stopped
2026-02-27 22:07:09,260 [INFO] autoclickVision.core.scheduler: [22:07:09] ⏹ Task stopped
2026-02-27 22:07:09,261 [INFO] autoclickVision.core.watchdog: Watchdog stopped
2026-02-27 22:10:22,946 [ERROR] autoclickVision.ui.sequence_editor: Failed to apply text sequence: No valid steps could be parsed from the input text.
2026-02-27 22:15:07,640 [ERROR] autoclickVision.ui.sequence_editor: Failed to apply text sequence: No valid steps could be parsed from the input text.
2026-02-27 22:15:09,000 [ERROR] autoclickVision.ui.sequence_editor: Failed to apply text sequence: No valid steps could be parsed from the input text.
2026-02-27 22:15:11,337 [ERROR] autoclickVision.ui.sequence_editor: Failed to apply text sequence: No valid steps could be parsed from the input text.
2026-02-27 22:15:14,259 [ERROR] autoclickVision.ui.sequence_editor: Failed to apply text sequence: No valid steps could be parsed from the input text.
2026-02-27 22:15:18,271 [ERROR] autoclickVision.ui.sequence_editor: Failed to apply text sequence: No valid steps could be parsed from the input text.
2026-02-27 22:15:25,012 [ERROR] autoclickVision.ui.sequence_editor: Failed to apply text sequence: No valid steps could be parsed from the input text.
2026-02-27 22:15:28,125 [INFO] autoclickVision.core.scheduler: [22:15:28] ▶ Starting task: Untitled Task
2026-02-27 22:15:28,125 [INFO] autoclickVision.core.scheduler: [22:15:28] ── Round 1/50 ──
2026-02-27 22:15:28,125 [INFO] autoclickVision.core.watchdog: Watchdog started (heartbeat timeout=60s, inactivity timeout=120s)
2026-02-27 22:15:28,125 [INFO] autoclickVision.core.scheduler: [22:15:28] Step 1: no valid buttons configured — skipping
2026-02-27 22:15:28,125 [INFO] autoclickVision.core.scheduler: [22:15:28] ── Round 1 done: ✔0 ✖0 ⏭1 ──
2026-02-27 22:15:28,125 [INFO] autoclickVision.core.scheduler: [22:15:28] Waiting 10.0s before next round…
2026-02-27 22:15:28,672 [INFO] autoclickVision.core.scheduler: [22:15:28] ⏸ Task paused
2026-02-27 22:16:15,363 [INFO] autoclickVision.core.scheduler: [22:16:15] ── Round 2/50 ──
2026-02-27 22:16:15,363 [INFO] autoclickVision.core.watchdog: Watchdog stopped
2026-02-27 22:16:15,364 [INFO] autoclickVision.core.scheduler: [22:16:15] ── Round 2 done: ✔0 ✖0 ⏭0 ──
2026-02-27 22:16:15,364 [INFO] autoclickVision.core.scheduler: [22:16:15] ⏹ Task stopped
2026-02-27 22:16:15,364 [INFO] autoclickVision.core.scheduler: [22:16:15] Task was stopped
2026-02-27 22:16:15,364 [INFO] autoclickVision.core.watchdog: Watchdog stopped
